<?xml version="1.0" encoding="UTF-8"?>
<testng-results ignored="0" total="1" passed="1" failed="0" skipped="0">
  <reporter-output>
  </reporter-output>
  <suite started-at="2021-03-01T20:06:21 IST" name="Suite" finished-at="2021-03-01T20:07:03 IST" duration-ms="42112">
    <groups>
      <group name="cucumber">
        <method signature="AbstractTestNGCucumberTests.feature(cucumber.api.testng.CucumberFeatureWrapper)[pri:0, instance:com.incubyte.runner.TestRunner@3eb77ea8]" name="feature" class="cucumber.api.testng.AbstractTestNGCucumberTests"/>
      </group> <!-- cucumber -->
    </groups>
    <test started-at="2021-03-01T20:06:21 IST" name="IncubyteTest" finished-at="2021-03-01T20:07:03 IST" duration-ms="42112">
      <class name="com.incubyte.runner.TestRunner">
        <test-method is-config="true" signature="setUpClass()[pri:0, instance:com.incubyte.runner.TestRunner@3eb77ea8]" started-at="2021-03-01T20:06:21 IST" name="setUpClass" finished-at="2021-03-01T20:06:21 IST" duration-ms="176" status="PASS">
          <reporter-output>
          </reporter-output>
        </test-method> <!-- setUpClass -->
        <test-method signature="feature(cucumber.api.testng.CucumberFeatureWrapper)[pri:0, instance:com.incubyte.runner.TestRunner@3eb77ea8]" started-at="2021-03-01T20:06:21 IST" name="feature" description="Runs Cucumber Feature" data-provider="features" finished-at="2021-03-01T20:07:03 IST" duration-ms="41850" status="PASS">
          <params>
            <param index="0">
              <value>
                <![CDATA[Send an email with an attachment]]>
              </value>
            </param>
          </params>
          <reporter-output>
          </reporter-output>
        </test-method> <!-- feature -->
        <test-method is-config="true" signature="tearDownClass()[pri:0, instance:com.incubyte.runner.TestRunner@3eb77ea8]" started-at="2021-03-01T20:07:03 IST" name="tearDownClass" finished-at="2021-03-01T20:07:03 IST" duration-ms="4" status="PASS">
          <reporter-output>
          </reporter-output>
        </test-method> <!-- tearDownClass -->
      </class> <!-- com.incubyte.runner.TestRunner -->
    </test> <!-- IncubyteTest -->
  </suite> <!-- Suite -->
</testng-results>
